  Draw.cpp
C:\Users\ilyin\GitHub\fractal\fractal\fractal\Draw.cpp(24,8): warning C4244:  'initializing': conversion from 'double' to 'int', possible loss of data
C:\Users\ilyin\GitHub\fractal\fractal\fractal\Draw.cpp(25,8): warning C4244:  'initializing': conversion from 'double' to 'int', possible loss of data
C:\Users\ilyin\GitHub\fractal\fractal\fractal\Draw.cpp(38,8): warning C4244:  'initializing': conversion from 'double' to 'int', possible loss of data
C:\Users\ilyin\GitHub\fractal\fractal\fractal\Draw.cpp(39,8): warning C4244:  'initializing': conversion from 'double' to 'int', possible loss of data
C:\Users\ilyin\GitHub\fractal\fractal\fractal\Draw.cpp(173,33): warning C4244:  'argument': conversion from 'double' to 'T', possible loss of data
C:\Users\ilyin\GitHub\fractal\fractal\fractal\Draw.cpp(173,33): warning C4244:         with
C:\Users\ilyin\GitHub\fractal\fractal\fractal\Draw.cpp(173,33): warning C4244:         [
C:\Users\ilyin\GitHub\fractal\fractal\fractal\Draw.cpp(173,33): warning C4244:             T=float
C:\Users\ilyin\GitHub\fractal\fractal\fractal\Draw.cpp(173,33): warning C4244:         ]
C:\Users\ilyin\GitHub\fractal\fractal\fractal\Draw.cpp(173,28): warning C4244:  'argument': conversion from 'double' to 'T', possible loss of data
C:\Users\ilyin\GitHub\fractal\fractal\fractal\Draw.cpp(173,28): warning C4244:         with
C:\Users\ilyin\GitHub\fractal\fractal\fractal\Draw.cpp(173,28): warning C4244:         [
C:\Users\ilyin\GitHub\fractal\fractal\fractal\Draw.cpp(173,28): warning C4244:             T=float
C:\Users\ilyin\GitHub\fractal\fractal\fractal\Draw.cpp(173,28): warning C4244:         ]
C:\Users\ilyin\GitHub\fractal\fractal\fractal\Draw.cpp(174,33): warning C4244:  'argument': conversion from 'double' to 'T', possible loss of data
C:\Users\ilyin\GitHub\fractal\fractal\fractal\Draw.cpp(174,33): warning C4244:         with
C:\Users\ilyin\GitHub\fractal\fractal\fractal\Draw.cpp(174,33): warning C4244:         [
C:\Users\ilyin\GitHub\fractal\fractal\fractal\Draw.cpp(174,33): warning C4244:             T=float
C:\Users\ilyin\GitHub\fractal\fractal\fractal\Draw.cpp(174,33): warning C4244:         ]
C:\Users\ilyin\GitHub\fractal\fractal\fractal\Draw.cpp(174,28): warning C4244:  'argument': conversion from 'double' to 'T', possible loss of data
C:\Users\ilyin\GitHub\fractal\fractal\fractal\Draw.cpp(174,28): warning C4244:         with
C:\Users\ilyin\GitHub\fractal\fractal\fractal\Draw.cpp(174,28): warning C4244:         [
C:\Users\ilyin\GitHub\fractal\fractal\fractal\Draw.cpp(174,28): warning C4244:             T=float
C:\Users\ilyin\GitHub\fractal\fractal\fractal\Draw.cpp(174,28): warning C4244:         ]
C:\Users\ilyin\GitHub\fractal\fractal\fractal\Draw.cpp(184,20): warning C4018:  '<': signed/unsigned mismatch
C:\Users\ilyin\GitHub\fractal\fractal\fractal\Draw.cpp(201,20): warning C4018:  '<': signed/unsigned mismatch
C:\Users\ilyin\GitHub\fractal\fractal\fractal\Draw.cpp(225,24): warning C4244:  'argument': conversion from 'double' to 'float', possible loss of data
C:\Users\ilyin\GitHub\fractal\fractal\fractal\Draw.cpp(228,34): warning C4244:  'argument': conversion from 'double' to 'float', possible loss of data
C:\Users\ilyin\GitHub\fractal\fractal\fractal\Draw.cpp(228,25): warning C4244:  'argument': conversion from 'double' to 'float', possible loss of data
  Generating code
  1 of 368 functions ( 0.3%) were compiled, the rest were copied from previous compilation.
    0 functions were new in current compilation
    1 functions had inline decision re-evaluated but remain unchanged
  Finished generating code
  fractal.vcxproj -> C:\Users\ilyin\GitHub\fractal\fractal\Release\fractal.exe
