c:\github\fractal\fractal\fractal\release\vc141.pdb
c:\github\fractal\fractal\fractal\release\vector2d.obj
c:\github\fractal\fractal\fractal\release\line.obj
c:\github\fractal\fractal\fractal\release\geometry.obj
c:\github\fractal\fractal\fractal\release\fragment.obj
c:\github\fractal\fractal\fractal\release\draw.obj
c:\github\fractal\fractal\fractal\release\main.obj
c:\github\fractal\fractal\fractal\release\color.obj
c:\github\fractal\fractal\fractal\release\config.obj
c:\github\fractal\fractal\release\fractal.ipdb
c:\github\fractal\fractal\release\fractal.iobj
c:\github\fractal\fractal\release\fractal.exe
c:\github\fractal\fractal\release\fractal.pdb
c:\github\fractal\fractal\fractal\release\fractal.tlog\cl.command.1.tlog
c:\github\fractal\fractal\fractal\release\fractal.tlog\cl.read.1.tlog
c:\github\fractal\fractal\fractal\release\fractal.tlog\cl.write.1.tlog
c:\github\fractal\fractal\fractal\release\fractal.tlog\fractal.write.1u.tlog
c:\github\fractal\fractal\fractal\release\fractal.tlog\link.command.1.tlog
c:\github\fractal\fractal\fractal\release\fractal.tlog\link.read.1.tlog
c:\github\fractal\fractal\fractal\release\fractal.tlog\link.write.1.tlog
